0 info it worked if it ends with ok
1 verbose cli [ 'node', '/usr/local/bin/npm', 'start', '-p', '80' ]
2 info using npm@2.2.0
3 info using node@v0.10.35
4 verbose run-script [ 'prestart', 'start', 'poststart' ]
5 info prestart theyellowwoods@0.0.0
6 info start theyellowwoods@0.0.0
7 verbose unsafe-perm in lifecycle true
8 info theyellowwoods@0.0.0 Failed to exec start script
9 verbose stack Error: theyellowwoods@0.0.0 start: `node ./bin/www 80`
9 verbose stack Exit status 1
9 verbose stack     at EventEmitter.<anonymous> (/usr/local/lib/node_modules/npm/lib/utils/lifecycle.js:212:16)
9 verbose stack     at EventEmitter.emit (events.js:98:17)
9 verbose stack     at ChildProcess.<anonymous> (/usr/local/lib/node_modules/npm/lib/utils/spawn.js:14:12)
9 verbose stack     at ChildProcess.emit (events.js:98:17)
9 verbose stack     at maybeClose (child_process.js:766:16)
9 verbose stack     at Process.ChildProcess._handle.onexit (child_process.js:833:5)
10 verbose pkgid theyellowwoods@0.0.0
11 verbose cwd /Users/David/Projects/The Yellow Woods/theyellowwoods
12 error Darwin 14.3.0
13 error argv "node" "/usr/local/bin/npm" "start" "-p" "80"
14 error node v0.10.35
15 error npm  v2.2.0
16 error code ELIFECYCLE
17 error theyellowwoods@0.0.0 start: `node ./bin/www 80`
17 error Exit status 1
18 error Failed at the theyellowwoods@0.0.0 start script 'node ./bin/www 80'.
18 error This is most likely a problem with the theyellowwoods package,
18 error not with npm itself.
18 error Tell the author that this fails on your system:
18 error     node ./bin/www 80
18 error You can get their info via:
18 error     npm owner ls theyellowwoods
18 error There is likely additional logging output above.
19 verbose exit [ 1, true ]
